<?xml version="1.0" encoding="UTF-8"?>
<!-- Generated by org.testng.reporters.JUnitReportReporter -->
<testsuite skipped="0" hostname="DESKTOP-LOQ4435" name="Test.Day4" tests="3" failures="0" timestamp="20 Apr 2019 07:14:52 GMT" time="0.009" errors="0">
  <testcase name="WebloginHomeLoan" time="0.003" classname="Test.Day4"/>
  <testcase name="MobileloginHomeLoan" time="0.004" classname="Test.Day4"/>
  <testcase name="LoginAPIHomeLoan" time="0.002" classname="Test.Day4"/>
</testsuite> <!-- Test.Day4 -->
