<?xml version="1.0" encoding="UTF-8"?>
<!-- Generated by org.testng.reporters.JUnitReportReporter -->
<testsuite skipped="0" hostname="DESKTOP-LOQ4435" name="Test.Day2" tests="1" failures="0" timestamp="20 Apr 2019 07:14:52 GMT" time="0.003" errors="0">
  <testcase name="ploan" time="0.003" classname="Test.Day2"/>
</testsuite> <!-- Test.Day2 -->
