<?xml version="1.0" encoding="UTF-8"?>
<!-- Generated by org.testng.reporters.JUnitReportReporter -->
<testsuite skipped="1" hostname="DESKTOP-LOQ4435" name="Test.Day3" tests="7" failures="0" timestamp="20 Apr 2019 07:14:52 GMT" time="0.030" errors="0">
  <testcase name="LoginAPIcarLoan" time="0.008" classname="Test.Day3"/>
  <testcase name="WeblogincarLoan" time="0.008" classname="Test.Day3"/>
  <testcase name="MobilesignoutcarLoan" time="0.003" classname="Test.Day3"/>
  <testcase name="MobilesignoutcarLoan" time="0.003" classname="Test.Day3"/>
  <testcase name="MobilelogincarLoan" time="0.003" classname="Test.Day3"/>
  <testcase name="MobilesignoutcarLoan" time="0.005" classname="Test.Day3"/>
  <testcase name="MobilesignincarLoan" classname="Test.Day3">
    <skipped/>
  </testcase> <!-- MobilesignincarLoan -->
</testsuite> <!-- Test.Day3 -->
